<?xml version="1.0" encoding="UTF-8"?>
<!-- Generated by org.testng.reporters.JUnitXMLReporter -->
<testsuite ignored="0" hostname="LAPTOP-P5QAKP1L" failures="1" tests="1" name="NewLead" time="8.692" errors="0" timestamp="2023-07-19T18:10:36 IST">
  <testcase classname="com.testcases.NewLead" name="createNewLead" time="8.662">
    <failure type="java.lang.NullPointerException" message="Cannot invoke &amp;quot;com.applicationPages.loginPage.login()&amp;quot; because &amp;quot;this.login&amp;quot; is null">
      <![CDATA[java.lang.NullPointerException: Cannot invoke "com.applicationPages.loginPage.login()" because "this.login" is null
at com.testcases.NewLead.createNewLead(NewLead.java:22)
at java.base/java.util.ArrayList.forEach(ArrayList.java:1511)
at java.base/java.util.concurrent.FutureTask.run(FutureTask.java:264)
at java.base/java.util.concurrent.ThreadPoolExecutor.runWorker(ThreadPoolExecutor.java:1130)
at java.base/java.util.concurrent.ThreadPoolExecutor$Worker.run(ThreadPoolExecutor.java:630)
at java.base/java.lang.Thread.run(Thread.java:832)
... Removed 18 stack frames]]>
    </failure>
  </testcase> <!-- createNewLead -->
</testsuite> <!-- NewLead -->
