<?xml version="1.0" encoding="UTF-8"?>
<!-- Generated by org.testng.reporters.JUnitXMLReporter -->
<testsuite ignored="0" hostname="LAPTOP-P5QAKP1L" failures="1" tests="2" name="TC_1_AddToCart" time="5.838" errors="0" timestamp="2023-07-12T00:12:35 IST">
  <testcase classname="com.testcases.TC_1_AddToCart" name="addToCart" time="4.015">
    <failure type="java.lang.AssertionError" message="expected [true] but found [false]">
      <![CDATA[java.lang.AssertionError: expected [true] but found [false]
at com.applicationPages.HomePage.verifyPageTitle(HomePage.java:88)
at com.testcases.TC_1_AddToCart.addToCart(TC_1_AddToCart.java:37)
at java.base/java.util.ArrayList.forEach(ArrayList.java:1511)
... Removed 31 stack frames]]>
    </failure>
  </testcase> <!-- addToCart -->
  <testcase classname="com.testcases.TC_1_AddToCart" name="addToCart" time="1.625"/>
</testsuite> <!-- TC_1_AddToCart -->
