<?xml version="1.0" encoding="UTF-8"?>
<!-- Generated by org.testng.reporters.JUnitXMLReporter -->
<testsuite ignored="0" hostname="LAPTOP-P5QAKP1L" failures="1" tests="1" name="loginintoCRM" time="0.005" errors="0" timestamp="2025-08-25T11:14:53 IST">
  <testcase classname="com.testcases.LoginCRM" name="CRMlogin" time="0.0">
    <failure type="org.testng.TestNGException" message="
Method public void com.testcases.LoginCRM.CRMlogin(java.lang.String,java.lang.String) requires a @DataProvider named : loginCRM in class org.testng.annotations.DataProvider">
      <![CDATA[org.testng.TestNGException: 
Method public void com.testcases.LoginCRM.CRMlogin(java.lang.String,java.lang.String) requires a @DataProvider named : loginCRM in class org.testng.annotations.DataProvider
at org.testng.internal.Parameters.findDataProvider(Parameters.java:561)
at org.testng.internal.Parameters.handleParameters(Parameters.java:772)
at org.testng.internal.Parameters.handleParameters(Parameters.java:740)
at org.testng.internal.ParameterHandler.handleParameters(ParameterHandler.java:59)
at org.testng.internal.ParameterHandler.createParameters(ParameterHandler.java:38)
at org.testng.internal.TestInvoker$MethodInvocationAgent.invoke(TestInvoker.java:791)
at org.testng.internal.TestInvoker.invokeTestMethods(TestInvoker.java:146)
at org.testng.internal.TestMethodWorker.invokeTestMethods(TestMethodWorker.java:146)
at org.testng.internal.TestMethodWorker.run(TestMethodWorker.java:128)
at java.base/java.util.concurrent.ThreadPoolExecutor.runWorker(ThreadPoolExecutor.java:1136)
at java.base/java.util.concurrent.ThreadPoolExecutor$Worker.run(ThreadPoolExecutor.java:635)
at java.base/java.lang.Thread.run(Thread.java:840)
]]>
    </failure>
  </testcase> <!-- CRMlogin -->
</testsuite> <!-- loginintoCRM -->
