<?xml version="1.0" encoding="UTF-8"?>
<testng-results ignored="0" total="1" passed="1" failed="0" skipped="0">
  <reporter-output>
    <line>
      <![CDATA[Config file loaded successfully.]]>
    </line>
    <line>
      <![CDATA[Launching browser: chrome]]>
    </line>
    <line>
      <![CDATA[Mouse Hovered action performed.]]>
    </line>
  </reporter-output>
  <suite started-at="2026-08-09T19:04:51 IST" name="Surefire suite" finished-at="2026-08-09T19:05:20 IST" duration-ms="28281">
    <groups>
    </groups>
    <test started-at="2026-08-09T19:04:51 IST" name="Surefire test" finished-at="2026-08-09T19:05:20 IST" duration-ms="28281">
      <class name="com.testcases.TC_CreateNewContact">
        <test-method is-config="true" signature="getjsondata(java.lang.reflect.Method)[pri:0, instance:com.testcases.TC_CreateNewContact@370c1968]" started-at="2026-08-09T19:04:51 IST" name="getjsondata" finished-at="2026-08-09T19:04:51 IST" duration-ms="10" status="PASS">
          <params>
            <param index="0">
              <value>
                <![CDATA[public void com.testcases.TC_CreateNewContact.NewContact()]]>
              </value>
            </param>
          </params>
          <reporter-output>
          </reporter-output>
        </test-method> <!-- getjsondata -->
        <test-method signature="NewContact()[pri:0, instance:com.testcases.TC_CreateNewContact@370c1968]" started-at="2026-08-09T19:04:51 IST" name="NewContact" finished-at="2026-08-09T19:05:19 IST" duration-ms="27915" status="PASS">
          <reporter-output>
            <line>
              <![CDATA[Mouse Hovered action performed.]]>
            </line>
          </reporter-output>
        </test-method> <!-- NewContact -->
        <test-method is-config="true" signature="closebrowser()[pri:0, instance:com.testcases.TC_CreateNewContact@370c1968]" started-at="2026-08-09T19:05:19 IST" name="closebrowser" finished-at="2026-08-09T19:05:20 IST" duration-ms="307" status="PASS">
          <reporter-output>
          </reporter-output>
        </test-method> <!-- closebrowser -->
      </class> <!-- com.testcases.TC_CreateNewContact -->
    </test> <!-- Surefire test -->
  </suite> <!-- Surefire suite -->
</testng-results>
