<?xml version="1.0" encoding="UTF-8"?>
<testng-results ignored="0" total="1" passed="1" failed="0" skipped="0">
  <reporter-output>
    <line>
      <![CDATA[Config file loaded successfully.]]>
    </line>
    <line>
      <![CDATA[Launching browser: chrome]]>
    </line>
    <line>
      <![CDATA[Mouse Hovered action performed.]]>
    </line>
  </reporter-output>
  <suite started-at="2026-07-27T19:40:01 IST" name="Automation CRM Suite" finished-at="2026-07-27T19:40:30 IST" duration-ms="28684">
    <groups>
    </groups>
    <test started-at="2026-07-27T19:40:01 IST" name="CreateNewContact" finished-at="2026-07-27T19:40:30 IST" duration-ms="28684">
      <class name="com.testcases.TC_CreateNewContact">
        <test-method is-config="true" signature="getjsondata(java.lang.reflect.Method)[pri:0, instance:com.testcases.TC_CreateNewContact@dd71b20]" started-at="2026-07-27T19:40:01 IST" name="getjsondata" finished-at="2026-07-27T19:40:01 IST" duration-ms="26" status="PASS">
          <params>
            <param index="0">
              <value>
                <![CDATA[public void com.testcases.TC_CreateNewContact.NewContact()]]>
              </value>
            </param>
          </params>
          <reporter-output>
          </reporter-output>
        </test-method> <!-- getjsondata -->
        <test-method signature="NewContact()[pri:0, instance:com.testcases.TC_CreateNewContact@dd71b20]" started-at="2026-07-27T19:40:01 IST" name="NewContact" finished-at="2026-07-27T19:40:30 IST" duration-ms="28322" status="PASS">
          <reporter-output>
            <line>
              <![CDATA[Mouse Hovered action performed.]]>
            </line>
          </reporter-output>
        </test-method> <!-- NewContact -->
        <test-method is-config="true" signature="closebrowser()[pri:0, instance:com.testcases.TC_CreateNewContact@dd71b20]" started-at="2026-07-27T19:40:30 IST" name="closebrowser" finished-at="2026-07-27T19:40:30 IST" duration-ms="299" status="PASS">
          <reporter-output>
          </reporter-output>
        </test-method> <!-- closebrowser -->
      </class> <!-- com.testcases.TC_CreateNewContact -->
    </test> <!-- CreateNewContact -->
  </suite> <!-- Automation CRM Suite -->
</testng-results>
