<?xml version="1.0" encoding="UTF-8"?>
<!-- Generated by org.testng.reporters.JUnitReportReporter -->
<testsuite hostname="LAPTOP-P5QAKP1L" failures="0" tests="1" name="com.testcases.TC_CreateNewCompany" time="13.834" errors="0" timestamp="2025-08-27T13:13:00 IST" skipped="0">
  <testcase classname="com.testcases.TC_CreateNewCompany" name="CreateNewCompany" time="13.834"/>
  <system-out>
    <![CDATA[Mouse Hovered action performed.
Knowledge Source Solutions is created successfully.]]>
  </system-out>
</testsuite> <!-- com.testcases.TC_CreateNewCompany -->
