<?xml version="1.0" encoding="UTF-8"?>
<!-- Generated by org.testng.reporters.JUnitReportReporter -->
<testsuite hostname="LAPTOP-P5QAKP1L" failures="0" tests="2" name="prog_practice.JavaSciptExecutor" time="13.772" errors="0" timestamp="2023-07-30T13:32:14 IST" skipped="0">
  <testcase classname="prog_practice.JavaSciptExecutor" name="JavaSciptExecutorMethod" time="4.074"/>
  <system-out/>
  <testcase classname="prog_practice.JavaSciptExecutor" name="JSMethod" time="9.698"/>
  <system-out/>
</testsuite> <!-- prog_practice.JavaSciptExecutor -->
