<?xml version="1.0" encoding="UTF-8"?>
<!-- Generated by org.testng.reporters.JUnitReportReporter -->
<testsuite hostname="LAPTOP-P5QAKP1L" failures="0" tests="2" name="prog_practice.AnnotationsDemo" time="0.004" errors="0" timestamp="2024-07-01T11:26:55 IST" skipped="0">
  <testcase classname="prog_practice.AnnotationsDemo" name="c" time="0.000"/>
  <system-out/>
  <testcase classname="prog_practice.AnnotationsDemo" name="b" time="0.004"/>
  <system-out/>
</testsuite> <!-- prog_practice.AnnotationsDemo -->
