<?xml version="1.0" encoding="UTF-8"?>
<!-- Generated by org.testng.reporters.JUnitReportReporter -->
<testsuite hostname="LAPTOP-P5QAKP1L" failures="0" tests="1" name="com.testcases.TC_CreateNewContact" time="28.647" errors="0" timestamp="2026-07-27T19:40:30 IST" skipped="0">
  <testcase classname="com.testcases.TC_CreateNewContact" name="NewContact" time="28.647">
    <system-out>
      <![CDATA[Mouse Hovered action performed.]]>
    </system-out>
  </testcase> <!-- NewContact -->
  <system-out>
    <![CDATA[Config file loaded successfully.
Launching browser: chrome
Mouse Hovered action performed.]]>
  </system-out>
</testsuite> <!-- com.testcases.TC_CreateNewContact -->
