<?xml version="1.0" encoding="UTF-8"?>
<!-- Generated by org.testng.reporters.JUnitReportReporter -->
<testsuite hostname="LAPTOP-P5QAKP1L" failures="0" tests="2" name="com.testcases.ValidateLogin" time="40.528" errors="0" timestamp="2025-03-09T19:51:28 IST" skipped="0">
  <testcase classname="com.testcases.ValidateLogin" name="validateCRMlogin" time="21.196"/>
  <system-out/>
  <testcase classname="com.testcases.ValidateLogin" name="validateCRMlogin" time="19.332"/>
  <system-out/>
</testsuite> <!-- com.testcases.ValidateLogin -->
